<?xml version="1.0" encoding="utf-8"?><testsuites name="pytest tests"><testsuite name="pytest" errors="0" failures="1" skipped="0" tests="13" time="24.907" timestamp="2026-03-23T01:39:01.945163+00:00" hostname="agent-env-19f2a845-f639-4926-91d6-03965b59e368"><testcase classname="backend.tests.test_cardsight_integration.TestCardsightSearchEndpoint" name="test_search_lebron_returns_results" time="1.141" /><testcase classname="backend.tests.test_cardsight_integration.TestCardsightSearchEndpoint" name="test_cardsight_card_format" time="1.047" /><testcase classname="backend.tests.test_cardsight_integration.TestCardsightSearchEndpoint" name="test_cardsight_pricing_simulation" time="2.210" /><testcase classname="backend.tests.test_cardsight_integration.TestCardsightSearchEndpoint" name="test_cardsight_category_detection" time="0.940" /><testcase classname="backend.tests.test_cardsight_integration.TestCardsightSearchEndpoint" name="test_search_with_limit" time="7.897"><failure message="AssertionError: Should return at most 5 cards, got 20&#10;assert 20 &lt;= 5&#10; +  where 20 = len([{'beta': 0.54, 'cardsight_id': '74625274-4957-4948-994a-32e9cef9fd03', 'category': 'Hockey', 'championships': 0, ...}, {'beta': 1.65, 'cardsight_id': '57c61469-b1f2-4551-a43d-5f8f0ed1954a', 'category': 'Baseball', 'championships': 0, ...}, {'beta': 0.65, 'cardsight_id': 'fb418cdc-4d84-4c4f-819c-d3aa11770541', 'category': 'Hockey', 'championships': 0, ...}, {'beta': 1.0, 'cardsight_id': '99af405e-7e1c-4db9-bf42-959bccbdac3e', 'category': 'Basketball', 'championships': 0, ...}, {'beta': 1.73, 'cardsight_id': 'c36efac1-17ef-4cae-9e4f-1093ab1f829a', 'category': 'Basketball', 'championships': 0, ...}, {'beta': 1.57, 'cardsight_id': '986d9fd3-c414-4605-ac7a-eb3a5e5b261c', 'category': 'Basketball', 'championships': 0, ...}, ...])">backend/tests/test_cardsight_integration.py:125: in test_search_with_limit
    assert len(data["cards"]) &lt;= 5, f"Should return at most 5 cards, got {len(data['cards'])}"
E   AssertionError: Should return at most 5 cards, got 20
E   assert 20 &lt;= 5
E    +  where 20 = len([{'beta': 0.54, 'cardsight_id': '74625274-4957-4948-994a-32e9cef9fd03', 'category': 'Hockey', 'championships': 0, ...}, {'beta': 1.65, 'cardsight_id': '57c61469-b1f2-4551-a43d-5f8f0ed1954a', 'category': 'Baseball', 'championships': 0, ...}, {'beta': 0.65, 'cardsight_id': 'fb418cdc-4d84-4c4f-819c-d3aa11770541', 'category': 'Hockey', 'championships': 0, ...}, {'beta': 1.0, 'cardsight_id': '99af405e-7e1c-4db9-bf42-959bccbdac3e', 'category': 'Basketball', 'championships': 0, ...}, {'beta': 1.73, 'cardsight_id': 'c36efac1-17ef-4cae-9e4f-1093ab1f829a', 'category': 'Basketball', 'championships': 0, ...}, {'beta': 1.57, 'cardsight_id': '986d9fd3-c414-4605-ac7a-eb3a5e5b261c', 'category': 'Basketball', 'championships': 0, ...}, ...])</failure></testcase><testcase classname="backend.tests.test_cardsight_integration.TestCardsightSearchEndpoint" name="test_search_short_query_rejected" time="0.143" /><testcase classname="backend.tests.test_cardsight_integration.TestCardsightSearchEndpoint" name="test_search_empty_query_rejected" time="0.144" /><testcase classname="backend.tests.test_cardsight_integration.TestCardsightGradeAndRarity" name="test_grade_distribution" time="7.616" /><testcase classname="backend.tests.test_cardsight_integration.TestCardsightGradeAndRarity" name="test_rarity_distribution" time="2.956" /><testcase classname="backend.tests.test_cardsight_integration.TestAuthFlow" name="test_login_with_test_credentials" time="0.338" /><testcase classname="backend.tests.test_cardsight_integration.TestTradingHubValuations" name="test_marketplace_valuations_endpoint" time="0.107" /><testcase classname="backend.tests.test_cardsight_integration.TestLocalCardsEndpoint" name="test_get_local_cards" time="0.109" /><testcase classname="backend.tests.test_cardsight_integration.TestPredictionsEndpoint" name="test_get_predictions" time="0.119" /></testsuite></testsuites>