<?xml version="1.0" encoding="utf-8"?><testsuites name="pytest tests"><testsuite name="pytest" errors="0" failures="1" skipped="0" tests="16" time="4.572" timestamp="2026-03-22T22:30:49.321317+00:00" hostname="agent-env-665ab90b-68d3-41ee-bb03-443d358268da"><testcase classname="backend.tests.test_trading_hub.TestAuthFlow" name="test_login_success" time="0.411" /><testcase classname="backend.tests.test_trading_hub.TestAuthFlow" name="test_login_invalid_credentials" time="0.162" /><testcase classname="backend.tests.test_trading_hub.TestMarketValuations" name="test_get_all_valuations" time="0.186" /><testcase classname="backend.tests.test_trading_hub.TestMarketValuations" name="test_get_valuations_by_category" time="0.109" /><testcase classname="backend.tests.test_trading_hub.TestMarketValuations" name="test_get_single_card_valuation" time="0.142" /><testcase classname="backend.tests.test_trading_hub.TestMarketValuations" name="test_get_valuation_nonexistent_card" time="0.130" /><testcase classname="backend.tests.test_trading_hub.TestMarketplaceListings" name="test_get_listings" time="0.107" /><testcase classname="backend.tests.test_trading_hub.TestMarketplaceListings" name="test_create_listing_requires_auth" time="0.106" /><testcase classname="backend.tests.test_trading_hub.TestCreateListingFlow" name="test_create_listing_with_auth" time="0.561" /><testcase classname="backend.tests.test_trading_hub.TestCardsEndpoints" name="test_get_all_cards" time="0.109" /><testcase classname="backend.tests.test_trading_hub.TestCardsEndpoints" name="test_get_cards_by_category" time="0.152" /><testcase classname="backend.tests.test_trading_hub.TestWatchlistEndpoints" name="test_get_watchlist" time="0.424" /><testcase classname="backend.tests.test_trading_hub.TestWatchlistEndpoints" name="test_add_to_watchlist" time="0.492"><failure message="assert 500 in [200, 201, 400]&#10; +  where 500 = &lt;Response [500]&gt;.status_code">backend/tests/test_trading_hub.py:279: in test_add_to_watchlist
    assert response.status_code in [200, 201, 400]
E   assert 500 in [200, 201, 400]
E    +  where 500 = &lt;Response [500]&gt;.status_code</failure></testcase><testcase classname="backend.tests.test_trading_hub.TestNavigationEndpoints" name="test_dashboard_endpoint" time="0.477" /><testcase classname="backend.tests.test_trading_hub.TestNavigationEndpoints" name="test_analytics_endpoint" time="0.761" /><testcase classname="backend.tests.test_trading_hub.TestNavigationEndpoints" name="test_predictions_endpoint" time="0.105" /></testsuite></testsuites>