<?xml version="1.0" encoding="utf-8"?><testsuites name="pytest tests"><testsuite name="pytest" errors="0" failures="0" skipped="0" tests="22" time="1.941" timestamp="2026-06-13T15:41:55.499167+00:00" hostname="agent-env-19f2a845-f639-4926-91d6-03965b59e368"><testcase classname="backend.tests.test_slabby_platform.TestHealth" name="test_root" time="0.124" /><testcase classname="backend.tests.test_slabby_platform.TestHealth" name="test_health" time="0.046" /><testcase classname="backend.tests.test_slabby_platform.TestHealth" name="test_stats" time="0.048" /><testcase classname="backend.tests.test_slabby_platform.TestAuth" name="test_register_and_login_seeded" time="0.322" /><testcase classname="backend.tests.test_slabby_platform.TestAuth" name="test_login_invalid" time="0.047" /><testcase classname="backend.tests.test_slabby_platform.TestAuth" name="test_me_endpoint" time="0.392" /><testcase classname="backend.tests.test_slabby_platform.TestWallet" name="test_get_wallet_initial" time="0.047" /><testcase classname="backend.tests.test_slabby_platform.TestWallet" name="test_deposit" time="0.103" /><testcase classname="backend.tests.test_slabby_platform.TestWallet" name="test_withdraw" time="0.051" /><testcase classname="backend.tests.test_slabby_platform.TestWallet" name="test_withdraw_overdraft" time="0.045" /><testcase classname="backend.tests.test_slabby_platform.TestWallet" name="test_transactions" time="0.044" /><testcase classname="backend.tests.test_slabby_platform.TestCards" name="test_create_card_draft" time="0.102" /><testcase classname="backend.tests.test_slabby_platform.TestCards" name="test_publish_card" time="0.046" /><testcase classname="backend.tests.test_slabby_platform.TestCards" name="test_browse_marketplace" time="0.044" /><testcase classname="backend.tests.test_slabby_platform.TestCards" name="test_my_cards" time="0.044" /><testcase classname="backend.tests.test_slabby_platform.TestCards" name="test_search_filter_category" time="0.044" /><testcase classname="backend.tests.test_slabby_platform.TestRazz" name="test_create_razz_needs_second_card" time="0.097" /><testcase classname="backend.tests.test_slabby_platform.TestRazz" name="test_create_razz" time="0.045" /><testcase classname="backend.tests.test_slabby_platform.TestRazz" name="test_publish_razz" time="0.047" /><testcase classname="backend.tests.test_slabby_platform.TestRazz" name="test_browse_active_razzes" time="0.042" /><testcase classname="backend.tests.test_slabby_platform.TestRazz" name="test_active_count" time="0.043" /><testcase classname="backend.tests.test_slabby_platform.TestRazz" name="test_provably_fair_hash_unchanged" time="0.043" /></testsuite></testsuites>